<?xml version="1.0" encoding="UTF-8"?>
<!-- Generated by org.testng.reporters.JUnitXMLReporter -->
<testsuite ignored="0" hostname="LAPTOP-PQDUMFKF" failures="3" tests="8" name="Command line test" time="4.074" errors="0" timestamp="2025-02-15T11:36:55 ICT">
  <testcase classname="api.auto.test.CreateUserTest" name="testPostCreateUsers" time="1.802"/>
  <testcase classname="api.auto.test.DeleteUserTest" name="testDeleteUser" time="0.5"/>
  <testcase classname="api.auto.test.EdgeCaseTest" name="testMaximumBoundary" time="0.013">
    <failure type="java.lang.IllegalStateException" message="Cannot serialize object because no JSON serializer found in classpath. Please put Jackson (Databind), Gson, Johnzon, or Yasson in the classpath.">
      <![CDATA[java.lang.IllegalStateException: Cannot serialize object because no JSON serializer found in classpath. Please put Jackson (Databind), Gson, Johnzon, or Yasson in the classpath.
at org.codehaus.groovy.runtime.callsite.ConstructorSite$ConstructorSiteNoUnwrapNoCoerce.callConstructor(ConstructorSite.java:108)
at org.codehaus.groovy.runtime.callsite.CallSiteArray.defaultCallConstructor(CallSiteArray.java:57)
at org.codehaus.groovy.runtime.callsite.AbstractCallSite.callConstructor(AbstractCallSite.java:263)
at org.codehaus.groovy.runtime.callsite.AbstractCallSite.callConstructor(AbstractCallSite.java:277)
at io.restassured.internal.mapping.ObjectMapping.serialize(ObjectMapping.groovy:164)
at io.restassured.internal.mapping.ObjectMapping$serialize.call(Unknown Source)
at org.codehaus.groovy.runtime.callsite.CallSiteArray.defaultCall(CallSiteArray.java:45)
at org.codehaus.groovy.runtime.callsite.AbstractCallSite.call(AbstractCallSite.java:125)
at io.restassured.internal.RequestSpecificationImpl.body(RequestSpecificationImpl.groovy:770)
at api.auto.test.EdgeCaseTest.testMaximumBoundary(EdgeCaseTest.java:35)
at java.base/java.util.ArrayList.forEach(ArrayList.java:1596)
at api.auto.test.TestRunner.main(TestRunner.java:16)
... Removed 26 stack frames]]>
    </failure>
  </testcase> <!-- testMaximumBoundary -->
  <testcase classname="api.auto.test.EdgeCaseTest" name="testMinimumBoundary" time="0.002">
    <failure type="java.lang.IllegalStateException" message="Cannot serialize object because no JSON serializer found in classpath. Please put Jackson (Databind), Gson, Johnzon, or Yasson in the classpath.">
      <![CDATA[java.lang.IllegalStateException: Cannot serialize object because no JSON serializer found in classpath. Please put Jackson (Databind), Gson, Johnzon, or Yasson in the classpath.
at org.codehaus.groovy.runtime.callsite.ConstructorSite$ConstructorSiteNoUnwrapNoCoerce.callConstructor(ConstructorSite.java:108)
at org.codehaus.groovy.runtime.callsite.AbstractCallSite.callConstructor(AbstractCallSite.java:277)
at io.restassured.internal.mapping.ObjectMapping.serialize(ObjectMapping.groovy:164)
at io.restassured.internal.mapping.ObjectMapping$serialize.call(Unknown Source)
at io.restassured.internal.RequestSpecificationImpl.body(RequestSpecificationImpl.groovy:770)
at api.auto.test.EdgeCaseTest.testMinimumBoundary(EdgeCaseTest.java:21)
at java.base/java.util.ArrayList.forEach(ArrayList.java:1596)
at api.auto.test.TestRunner.main(TestRunner.java:16)
... Removed 26 stack frames]]>
    </failure>
  </testcase> <!-- testMinimumBoundary -->
  <testcase classname="api.auto.test.EdgeCaseTest" name="testOutOfRange" time="0.002">
    <failure type="java.lang.IllegalStateException" message="Cannot serialize object because no JSON serializer found in classpath. Please put Jackson (Databind), Gson, Johnzon, or Yasson in the classpath.">
      <![CDATA[java.lang.IllegalStateException: Cannot serialize object because no JSON serializer found in classpath. Please put Jackson (Databind), Gson, Johnzon, or Yasson in the classpath.
at org.codehaus.groovy.runtime.callsite.ConstructorSite$ConstructorSiteNoUnwrapNoCoerce.callConstructor(ConstructorSite.java:108)
at org.codehaus.groovy.runtime.callsite.AbstractCallSite.callConstructor(AbstractCallSite.java:277)
at io.restassured.internal.mapping.ObjectMapping.serialize(ObjectMapping.groovy:164)
at io.restassured.internal.mapping.ObjectMapping$serialize.call(Unknown Source)
at io.restassured.internal.RequestSpecificationImpl.body(RequestSpecificationImpl.groovy:770)
at api.auto.test.EdgeCaseTest.testOutOfRange(EdgeCaseTest.java:49)
at java.base/java.util.ArrayList.forEach(ArrayList.java:1596)
at api.auto.test.TestRunner.main(TestRunner.java:16)
... Removed 26 stack frames]]>
    </failure>
  </testcase> <!-- testOutOfRange -->
  <testcase classname="api.auto.test.GetUserTest" name="testGetListUsers" time="0.118"/>
  <testcase classname="api.auto.test.NegativeTest" name="testInvalidInput" time="0.736"/>
  <testcase classname="api.auto.test.UpdateUserTest" name="testPatchUser" time="0.551"/>
</testsuite> <!-- Command line test -->
